<?xml version="1.0" encoding="UTF-8"?>
<testsuite name="tests.AddNewContactTests" tests="6" skipped="0" failures="0" errors="0" timestamp="2023-10-19T13:22:07" hostname="ANNA" time="15.297">
  <properties/>
  <testcase name="addNewContactNegativePhoneLessThenTen" classname="tests.AddNewContactTests" time="2.886"/>
  <testcase name="addNewContactNegativePhoneNul" classname="tests.AddNewContactTests" time="2.316"/>
  <testcase name="addNewContactPositive" classname="tests.AddNewContactTests" time="2.557"/>
  <testcase name="addNewContactPositiveDTO[0](Contact(name=John, lastName=Silver, phone=1234567891, email=johna_@mail.com, address=Rehovot, description=Private))" classname="tests.AddNewContactTests" time="2.467"/>
  <testcase name="addNewContactPositiveDTO[1](Contact(name=Lera, lastName=Brown, phone=0519283746, email=mn@mail.com, address=Ramat Gan, description=Sport coach))" classname="tests.AddNewContactTests" time="2.478"/>
  <testcase name="addNewContactPositiveDTO[2](Contact(name=Harry, lastName=Block, phone=5198723645, email=fg@mail.com, address=Rishon, description=Teacher))" classname="tests.AddNewContactTests" time="2.516"/>
  <system-out><![CDATA[ Phone not valid: Phone number must contain only digits! And length min 10, max 15!
 Phone not valid: Phone number must contain only digits! And length min 10, max 15!
]]></system-out>
  <system-err><![CDATA[]]></system-err>
</testsuite>
