<?xml version="1.0" encoding="UTF-8"?>
<testsuite name="tests.LoginTests" tests="8" skipped="0" failures="0" errors="0" timestamp="2023-10-19T13:16:46" hostname="ANNA" time="67.557">
  <properties/>
  <testcase name="loginNegativeTestWrongEmail" classname="tests.LoginTests" time="4.136"/>
  <testcase name="loginNegativeTestWrongEmailTwo" classname="tests.LoginTests" time="4.176"/>
  <testcase name="loginNegativeTestWrongPass" classname="tests.LoginTests" time="4.153"/>
  <testcase name="loginPositiveDTO[0](User(email=anna@mail.com, password=Qq12345$))" classname="tests.LoginTests" time="4.102"/>
  <testcase name="loginPositiveDTO[1](User(email=lera@mail.com, password=Ee12345$))" classname="tests.LoginTests" time="4.123"/>
  <testcase name="loginPositiveDTO[2](User(email=rita@mail.com, password=Rr12345$))" classname="tests.LoginTests" time="4.131"/>
  <testcase name="loginPositiveTest" classname="tests.LoginTests" time="4.129"/>
  <testcase name="loginPositiveTestProps" classname="tests.LoginTests" time="4.153"/>
  <system-out><![CDATA[Wrong email or password
Wrong email or password
Wrong email or password
]]></system-out>
  <system-err><![CDATA[console.warn: LoginRecipes: "Falling back to a synchronous message for: https://telranedu.web.app."
console.warn: LoginRecipes: "Falling back to a synchronous message for: https://telranedu.web.app."
console.warn: LoginRecipes: "Falling back to a synchronous message for: https://telranedu.web.app."
console.warn: LoginRecipes: "Falling back to a synchronous message for: https://telranedu.web.app."
console.warn: LoginRecipes: "Falling back to a synchronous message for: https://telranedu.web.app."
console.warn: LoginRecipes: "Falling back to a synchronous message for: https://telranedu.web.app."
console.warn: LoginRecipes: "Falling back to a synchronous message for: https://telranedu.web.app."
console.warn: LoginRecipes: "Falling back to a synchronous message for: https://telranedu.web.app."
]]></system-err>
</testsuite>
